Build started 28.06.2013 3:31:45.
     1>Project "D:\prog\handTracking\HandTracking\HandTracking\HandTracking.vcxproj" on node 2 (Build target(s)).
     1>ClCompile:
         C:\Program Files\Microsoft Visual Studio 11.0\VC\bin\CL.exe /c /IC:\Users\Alexo\Downloads\opencv242\build\include /IC:\Users\Alexo\Downloads\tbb41_20121003oss_win\tbb41_20121003oss\include /ZI /nologo /W3 /WX- /sdl /Od /Oy- /D WIN32 /D _DEBUG /D _CONSOLE /D _UNICODE /D UNICODE /Gm /EHsc /RTC1 /MTd /GS /fp:precise /Zc:wchar_t /Zc:forScope /Yu"stdafx.h" /Fp"Debug\HandTracking.pch" /Fo"Debug\\" /Fd"Debug\vc110.pdb" /Gd /TP /analyze- /errorReport:prompt HandTracking.cpp
         HandTracking.cpp
     1>d:\prog\handtracking\handtracking\handtracking\handtracking.cpp(218): warning C4018: '<' : signed/unsigned mismatch
     1>d:\prog\handtracking\handtracking\handtracking\handtracking.cpp(290): warning C4018: '<' : signed/unsigned mismatch
     1>d:\prog\handtracking\handtracking\handtracking\handtracking.cpp(308): warning C4018: '<' : signed/unsigned mismatch
     1>d:\prog\handtracking\handtracking\handtracking\handtracking.cpp(320): warning C4244: '+=' : conversion from 'double' to 'int', possible loss of data
     1>d:\prog\handtracking\handtracking\handtracking\handtracking.cpp(482): warning C4101: 'area' : unreferenced local variable
     1>d:\prog\handtracking\handtracking\handtracking\handtracking.cpp(526): warning C4244: '=' : conversion from 'double' to 'float', possible loss of data
     1>d:\prog\handtracking\handtracking\handtracking\handtracking.cpp(527): warning C4244: '=' : conversion from 'double' to 'float', possible loss of data
     1>d:\prog\handtracking\handtracking\handtracking\handtracking.cpp(542): warning C4244: '-=' : conversion from 'double' to 'float', possible loss of data
     1>d:\prog\handtracking\handtracking\handtracking\handtracking.cpp(543): warning C4244: '-=' : conversion from 'double' to 'float', possible loss of data
     1>d:\prog\handtracking\handtracking\handtracking\handtracking.cpp(545): warning C4244: '+=' : conversion from 'double' to 'float', possible loss of data
     1>d:\prog\handtracking\handtracking\handtracking\handtracking.cpp(546): warning C4244: '+=' : conversion from 'double' to 'float', possible loss of data
     1>d:\prog\handtracking\handtracking\handtracking\handtracking.cpp(612): warning C4244: '=' : conversion from 'double' to 'float', possible loss of data
     1>d:\prog\handtracking\handtracking\handtracking\handtracking.cpp(613): warning C4244: '=' : conversion from 'double' to 'float', possible loss of data
     1>d:\prog\handtracking\handtracking\handtracking\handtracking.cpp(620): warning C4244: '=' : conversion from 'double' to 'float', possible loss of data
     1>d:\prog\handtracking\handtracking\handtracking\handtracking.cpp(621): warning C4244: '=' : conversion from 'double' to 'float', possible loss of data
     1>d:\prog\handtracking\handtracking\handtracking\handtracking.cpp(630): warning C4244: '=' : conversion from 'double' to 'float', possible loss of data
     1>d:\prog\handtracking\handtracking\handtracking\handtracking.cpp(631): warning C4244: '=' : conversion from 'double' to 'float', possible loss of data
     1>d:\prog\handtracking\handtracking\handtracking\handtracking.cpp(638): warning C4244: '=' : conversion from 'double' to 'float', possible loss of data
     1>d:\prog\handtracking\handtracking\handtracking\handtracking.cpp(639): warning C4244: '=' : conversion from 'double' to 'float', possible loss of data
     1>d:\prog\handtracking\handtracking\handtracking\handtracking.cpp(648): warning C4244: '=' : conversion from 'double' to 'float', possible loss of data
     1>d:\prog\handtracking\handtracking\handtracking\handtracking.cpp(649): warning C4244: '=' : conversion from 'double' to 'float', possible loss of data
     1>d:\prog\handtracking\handtracking\handtracking\handtracking.cpp(656): warning C4244: '=' : conversion from 'double' to 'float', possible loss of data
     1>d:\prog\handtracking\handtracking\handtracking\handtracking.cpp(657): warning C4244: '=' : conversion from 'double' to 'float', possible loss of data
       Link:
         C:\Program Files\Microsoft Visual Studio 11.0\VC\bin\link.exe /ERRORREPORT:PROMPT /OUT:"D:\prog\handTracking\HandTracking\Debug\HandTracking.exe" /INCREMENTAL:NO /NOLOGO /LIBPATH:C:\Users\Alexo\Downloads\opencv242\build\x86\vc10\lib /LIBPATH:C:\Users\aorlov\Downloads\opencv\build\x86\vc10\lib /LIBPATH:C:\Users\aorlov\Downloads\opencv\build\x64\vc10\lib /LIBPATH:C:\Users\Alexo\Downloads\tbb41_20121003oss_win\tbb41_20121003oss\include opencv_core242d.lib opencv_imgproc242d.lib opencv_highgui242d.lib opencv_ml242d.lib opencv_video242d.lib opencv_features2d242d.lib opencv_calib3d242d.lib opencv_objdetect242d.lib opencv_contrib242d.lib opencv_legacy242d.lib opencv_flann242d.lib opencv_gpu242d.lib opencv_nonfree242d.lib kernel32.lib user32.lib gdi32.lib winspool.lib comdlg32.lib advapi32.lib shell32.lib ole32.lib oleaut32.lib uuid.lib odbc32.lib odbccp32.lib /MANIFEST /MANIFESTUAC:"level='asInvoker' uiAccess='false'" /manifest:embed /DEBUG /PDB:"D:\prog\handTracking\HandTracking\Debug\HandTracking.pdb" /SUBSYSTEM:CONSOLE /TLBID:1 /DYNAMICBASE /NXCOMPAT /IMPLIB:"D:\prog\handTracking\HandTracking\Debug\HandTracking.lib" /MACHINE:X86 Debug\HandTracking.obj
         Debug\stdafx.obj
     1>HandTracking.obj : warning LNK4075: ignoring '/EDITANDCONTINUE' due to '/OPT:LBR' specification
         HandTracking.vcxproj -> D:\prog\handTracking\HandTracking\Debug\HandTracking.exe
     1>Done Building Project "D:\prog\handTracking\HandTracking\HandTracking\HandTracking.vcxproj" (Build target(s)).

Build succeeded.

Time Elapsed 00:00:08.62
